[     391ms] [ERROR] Failed to load resource: the server responded with a status of 500 (Internal Server Error) @ http://localhost:3000/bridge:0
[    1761ms] Error: ENOENT: no such file or directory, open '/home/kashish/epoch_website/epoch-nextjs/.next/server/app/bridge/page.js'
    at Object.readFileSync (node:fs:435:20)
    at defaultLoadImpl (node:internal/modules/cjs/loader:1138:17)
    at loadSource (node:internal/modules/cjs/loader:1787:20)
    at Object..js (node:internal/modules/cjs/loader:1885:44)
    at Module.load (node:internal/modules/cjs/loader:1480:32)
    at Module._load (node:internal/modules/cjs/loader:1299:12)
    at TracingChannel.traceSync (node:diagnostics_channel:328:14)
    at wrapModuleLoad (node:internal/modules/cjs/loader:245:24)
    at Module.<anonymous> (node:internal/modules/cjs/loader:1503:12)
    at mod.require (file:///home/kashish/epoch_website/epoch-nextjs/node_modules/next/dist/server/require-hook.js:68:28)
    at require (node:internal/modules/helpers:152:16)
    at requirePage (file:///home/kashish/epoch_website/epoch-nextjs/node_modules/next/dist/server/require.js:99:80)
    at loadComponentsImpl (file:///home/kashish/epoch_website/epoch-nextjs/node_modules/next/dist/server/load-components.js:132:57)
    at async DevServer.findPageComponentsImpl (file:///home/kashish/epoch_website/epoch-nextjs/node_modules/next/dist/server/next-server.js:899:36)
    at async DevServer.findPageComponents (file:///home/kashish/epoch_website/epoch-nextjs/node_modules/next/dist/server/dev/next-dev-server.js:706:16)
    at async DevServer.renderPageComponent (file:///home/kashish/epoch_website/epoch-nextjs/node_modules/next/dist/server/base-server.js:1460:24)
    at async DevServer.renderToResponseImpl (file:///home/kashish/epoch_website/epoch-nextjs/node_modules/next/dist/server/base-server.js:1514:32)
    at async DevServer.pipeImpl (file:///home/kashish/epoch_website/epoch-nextjs/node_modules/next/dist/server/base-server.js:1025:25)
    at async NextNodeServer.handleCatchallRenderRequest (file:///home/kashish/epoch_website/epoch-nextjs/node_modules/next/dist/server/next-server.js:393:17)
    at async DevServer.handleRequestImpl (file:///home/kashish/epoch_website/epoch-nextjs/node_modules/next/dist/server/base-server.js:916:17)
    at async (file:///home/kashish/epoch_website/epoch-nextjs/node_modules/next/dist/server/dev/next-dev-server.js:400:20)
    at async Span.traceAsyncFn (file:///home/kashish/epoch_website/epoch-nextjs/node_modules/next/dist/trace/trace.js:157:20)
    at async DevServer.handleRequest (file:///home/kashish/epoch_website/epoch-nextjs/node_modules/next/dist/server/dev/next-dev-server.js:396:24)
    at async invokeRender (file:///home/kashish/epoch_website/epoch-nextjs/node_modules/next/dist/server/lib/router-server.js:240:21)
    at async handleRequest (file:///home/kashish/epoch_website/epoch-nextjs/node_modules/next/dist/server/lib/router-server.js:437:24)
    at async requestHandlerImpl (file:///home/kashish/epoch_website/epoch-nextjs/node_modules/next/dist/server/lib/router-server.js:485:13)
    at async Server.requestListener (file:///home/kashish/epoch_website/epoch-nextjs/node_modules/next/dist/server/lib/start-server.js:226:13)
[    1782ms] [ERROR] Failed to load resource: the server responded with a status of 404 (Not Found) @ http://localhost:3000/favicon.ico:0
[  251431ms] [ERROR] Failed to load resource: the server responded with a status of 500 (Internal Server Error) @ http://localhost:3000/bridge:0
[  252347ms] Error: ENOENT: no such file or directory, open '/home/kashish/epoch_website/epoch-nextjs/.next/server/app/bridge/page.js'
    at Object.readFileSync (node:fs:435:20)
    at defaultLoadImpl (node:internal/modules/cjs/loader:1138:17)
    at loadSource (node:internal/modules/cjs/loader:1787:20)
    at Object..js (node:internal/modules/cjs/loader:1885:44)
    at Module.load (node:internal/modules/cjs/loader:1480:32)
    at Module._load (node:internal/modules/cjs/loader:1299:12)
    at TracingChannel.traceSync (node:diagnostics_channel:328:14)
    at wrapModuleLoad (node:internal/modules/cjs/loader:245:24)
    at Module.<anonymous> (node:internal/modules/cjs/loader:1503:12)
    at mod.require (file:///home/kashish/epoch_website/epoch-nextjs/node_modules/next/dist/server/require-hook.js:68:28)
    at require (node:internal/modules/helpers:152:16)
    at requirePage (file:///home/kashish/epoch_website/epoch-nextjs/node_modules/next/dist/server/require.js:99:80)
    at loadComponentsImpl (file:///home/kashish/epoch_website/epoch-nextjs/node_modules/next/dist/server/load-components.js:132:57)
    at async DevServer.findPageComponentsImpl (file:///home/kashish/epoch_website/epoch-nextjs/node_modules/next/dist/server/next-server.js:899:36)
    at async DevServer.findPageComponents (file:///home/kashish/epoch_website/epoch-nextjs/node_modules/next/dist/server/dev/next-dev-server.js:706:16)
    at async DevServer.renderPageComponent (file:///home/kashish/epoch_website/epoch-nextjs/node_modules/next/dist/server/base-server.js:1460:24)
    at async DevServer.renderToResponseImpl (file:///home/kashish/epoch_website/epoch-nextjs/node_modules/next/dist/server/base-server.js:1514:32)
    at async DevServer.pipeImpl (file:///home/kashish/epoch_website/epoch-nextjs/node_modules/next/dist/server/base-server.js:1025:25)
    at async NextNodeServer.handleCatchallRenderRequest (file:///home/kashish/epoch_website/epoch-nextjs/node_modules/next/dist/server/next-server.js:393:17)
    at async DevServer.handleRequestImpl (file:///home/kashish/epoch_website/epoch-nextjs/node_modules/next/dist/server/base-server.js:916:17)
    at async (file:///home/kashish/epoch_website/epoch-nextjs/node_modules/next/dist/server/dev/next-dev-server.js:400:20)
    at async Span.traceAsyncFn (file:///home/kashish/epoch_website/epoch-nextjs/node_modules/next/dist/trace/trace.js:157:20)
    at async DevServer.handleRequest (file:///home/kashish/epoch_website/epoch-nextjs/node_modules/next/dist/server/dev/next-dev-server.js:396:24)
    at async invokeRender (file:///home/kashish/epoch_website/epoch-nextjs/node_modules/next/dist/server/lib/router-server.js:240:21)
    at async handleRequest (file:///home/kashish/epoch_website/epoch-nextjs/node_modules/next/dist/server/lib/router-server.js:437:24)
    at async requestHandlerImpl (file:///home/kashish/epoch_website/epoch-nextjs/node_modules/next/dist/server/lib/router-server.js:485:13)
    at async Server.requestListener (file:///home/kashish/epoch_website/epoch-nextjs/node_modules/next/dist/server/lib/start-server.js:226:13)
[  426459ms] [WARNING] [Fast Refresh] performing full reload because your application had an unrecoverable error @ webpack-internal:///(pages-dir-browser)/./node_modules/next/dist/client/dev/hot-reloader/pages/hot-reloader-pages.js:347
[  427601ms] [ERROR] Failed to load resource: the server responded with a status of 404 (Not Found) @ http://localhost:3000/_next/static/css/app/layout.css?v=1774118346221:0
[  427757ms] [ERROR] Failed to load resource: the server responded with a status of 404 (Not Found) @ http://localhost:3000/_next/static/chunks/main-app.js?v=1774118346221:0
[  427758ms] [ERROR] Failed to load resource: the server responded with a status of 404 (Not Found) @ http://localhost:3000/_next/static/chunks/app-pages-internals.js:0
[  427758ms] [ERROR] Failed to load resource: the server responded with a status of 404 (Not Found) @ http://localhost:3000/_next/static/chunks/app/bridge/page.js:0
[  688263ms] [ERROR] Failed to load resource: the server responded with a status of 404 (Not Found) @ http://localhost:3000/_next/static/css/app/layout.css?v=1774118607109:0
[  688287ms] [ERROR] Failed to load resource: the server responded with a status of 404 (Not Found) @ http://localhost:3000/_next/static/chunks/main-app.js?v=1774118607109:0
[  688287ms] [ERROR] Failed to load resource: the server responded with a status of 404 (Not Found) @ http://localhost:3000/_next/static/chunks/app-pages-internals.js:0
[  688287ms] [ERROR] Failed to load resource: the server responded with a status of 404 (Not Found) @ http://localhost:3000/_next/static/chunks/app/bridge/page.js:0
[  791912ms] [ERROR] Failed to load resource: the server responded with a status of 404 (Not Found) @ http://localhost:3000/_next/static/css/app/layout.css?v=1774118710827:0
[  791945ms] [ERROR] Failed to load resource: the server responded with a status of 404 (Not Found) @ http://localhost:3000/_next/static/chunks/main-app.js?v=1774118710827:0
[  791945ms] [ERROR] Failed to load resource: the server responded with a status of 404 (Not Found) @ http://localhost:3000/_next/static/chunks/app-pages-internals.js:0
[  791945ms] [ERROR] Failed to load resource: the server responded with a status of 404 (Not Found) @ http://localhost:3000/_next/static/chunks/app/bridge/page.js:0
[  798724ms] [ERROR] Failed to load resource: the server responded with a status of 404 (Not Found) @ http://localhost:3000/_next/static/css/app/layout.css?v=1774118717604:0
[  798749ms] [ERROR] Failed to load resource: the server responded with a status of 404 (Not Found) @ http://localhost:3000/_next/static/chunks/main-app.js?v=1774118717604:0
[  798749ms] [ERROR] Failed to load resource: the server responded with a status of 404 (Not Found) @ http://localhost:3000/_next/static/chunks/app-pages-internals.js:0
[  798749ms] [ERROR] Failed to load resource: the server responded with a status of 404 (Not Found) @ http://localhost:3000/_next/static/chunks/app/page.js:0
